<?xml version="1.0" encoding="UTF-8"?>
<testsuite name="p1.hangman.GameStateTest" tests="1" skipped="0" failures="0" errors="0" timestamp="2022-02-08T01:13:33" hostname="8afbdf84.st-andrews.ac.uk" time="0.0">
  <properties/>
  <testcase name="test" classname="p1.hangman.GameStateTest" time="0.0"/>
  <system-out><![CDATA[]]></system-out>
  <system-err><![CDATA[]]></system-err>
</testsuite>
