<?xml version="1.0" encoding="UTF-8"?>
<testsuite name="p1.hangman.GameStateTest" tests="5" skipped="0" failures="0" errors="0" timestamp="2022-02-09T13:18:54" hostname="8afbdf84.st-andrews.ac.uk" time="0.683">
  <properties/>
  <testcase name="findOccurrencesTest" classname="p1.hangman.GameStateTest" time="0.001"/>
  <testcase name="guessLetterTest" classname="p1.hangman.GameStateTest" time="0.001"/>
  <testcase name="guessWordTest" classname="p1.hangman.GameStateTest" time="0.0"/>
  <testcase name="giveHintValidTest" classname="p1.hangman.GameStateTest" time="0.68"/>
  <testcase name="updateGuessesTest" classname="p1.hangman.GameStateTest" time="0.0"/>
  <system-out><![CDATA[]]></system-out>
  <system-err><![CDATA[]]></system-err>
</testsuite>
