<?xml version="1.0" encoding="UTF-8"?>
<testsuite name="p1.hangman.CommandOptsTest" tests="1" skipped="0" failures="0" errors="0" timestamp="2022-02-08T01:13:33" hostname="8afbdf84.st-andrews.ac.uk" time="0.002">
  <properties/>
  <testcase name="optionsTest" classname="p1.hangman.CommandOptsTest" time="0.002"/>
  <system-out><![CDATA[]]></system-out>
  <system-err><![CDATA[]]></system-err>
</testsuite>
